<?xml version="1.0" encoding="UTF-8"?>
<testsuites name="ts1" time="13" tests="1" failures="0" errors="0">
   <testsuite name="ts1" tests="1" failures="0" errors="0" time="13" timestamp="2018-05-26 00:31:49" hostname="kam - LK-KAM.codehousegroup.local" id="Test Suites/ts1">
      <properties>
         <property name="deviceName" value=""/>
         <property name="devicePlatform" value=""/>
         <property name="logFolder" value="C:\\Users\\kam\\Katalon Studio\\WebAutomation\\Reports\\ts1\\20180526_003148"/>
         <property name="logFiles" value="C:\\Users\\kam\\Katalon Studio\\WebAutomation\\Reports\\ts1\\20180526_003148\\execution0.log"/>
         <property name="attachments" value=""/>
         <property name="hostName" value="kam - LK-KAM.codehousegroup.local"/>
         <property name="os" value="Windows 10 64bit"/>
         <property name="katalonVersion" value="5.3.1.1"/>
         <property name="browser" value="Chrome 66.0.3359.181"/>
         <property name="hostAddress" value="10.173.108.29"/>
         <property name="sessionId" value="82bb5db419594336b8c076233cf712a4"/>
         <property name="seleniumVersion" value="3.7.1"/>
         <property name="proxyInformation" value="ProxyInformation{proxyOption=NO_PROXY, proxyServerType=HTTP, password=, proxyServerAddress=, proxyServerPort=0}"/>
         <property name="platform" value="Windows 10"/>
      </properties>
      <testcase name="Test Cases/GoogleSearch" classname="Test Cases/GoogleSearch" status="PASSED">
         <system-out><![CDATA[2018-05-26 00:31:49 - [TEST_CASE][PASSED] - Test Cases/GoogleSearch: Test Cases/GoogleSearch

2018-05-26 00:31:49 - [TEST_STEP][PASSED] - openBrowser: Browser is opened with url: 'http://www.google.lk'

2018-05-26 00:31:54 - [MESSAGE][PASSED] - Browser is opened with url: 'http://www.google.lk'

2018-05-26 00:31:54 - [TEST_STEP][PASSED] - setText: Text 'Katalon Studio' is set on object 'Object Repository/GoogleSearch'

2018-05-26 00:31:54 - [MESSAGE][PASSED] - Text 'Katalon Studio' is set on object 'Object Repository/GoogleSearch'

2018-05-26 00:31:54 - [TEST_STEP][PASSED] - click: Object: 'Object Repository/Search Button' is clicked on

2018-05-26 00:31:56 - [MESSAGE][PASSED] - Object: 'Object Repository/Search Button' is clicked on

2018-05-26 00:31:56 - [TEST_STEP][PASSED] - click: Object: 'Object Repository/Kataloon Link' is clicked on

2018-05-26 00:31:56 - [MESSAGE][PASSED] - Object: 'Object Repository/Kataloon Link' is clicked on

2018-05-26 00:31:56 - [TEST_STEP][PASSED] - verifyElementPresent: Object 'Object Repository/Kataloon Component' is present

2018-05-26 00:31:56 - [MESSAGE][WARNING] - Timeout '0' is invalid. Using default page load timeout: '30'

2018-05-26 00:32:02 - [MESSAGE][PASSED] - Object 'Object Repository/Kataloon Component' is present]]></system-out>
         <system-err><![CDATA[]]></system-err>
      </testcase>
      <system-out><![CDATA[2018-05-26 00:31:49 - [TEST_SUITE][PASSED] - ts1: Test Cases/GoogleSearch]]></system-out>
      <system-err><![CDATA[]]></system-err>
   </testsuite>
</testsuites>
